<?xml version="1.0" encoding="UTF-8"?>
<!-- Generated by org.testng.reporters.JUnitXMLReporter -->
<testsuite ignored="1" hostname="RONIT-PCHP" failures="0" tests="1" name="Test" time="22.629" errors="0" timestamp="2025-12-01T01:07:21 IST">
  <testcase classname="rahulshettyacademy.tests.ValidationErrorTest" name="loginErrorValidation" time="1.985"/>
  <testcase classname="rahulshettyacademy.tests.ValidationErrorTest" name="productErrorValidation" time="0.0">
    <ignored/>
  </testcase> <!-- productErrorValidation -->
</testsuite> <!-- Test -->
