<?xml version="1.0" encoding="UTF-8"?>
<testng-results ignored="0" total="1" passed="1" failed="0" skipped="0">
  <reporter-output>
  </reporter-output>
  <suite started-at="2025-12-01T01:06:58 IST" name="Suite" finished-at="2025-12-01T01:07:21 IST" duration-ms="22629">
    <groups>
      <group name="ErrorHandling">
        <method signature="ValidationErrorTest.loginErrorValidation()[pri:0, instance:rahulshettyacademy.tests.ValidationErrorTest@4218d6a3]" name="loginErrorValidation" class="rahulshettyacademy.tests.ValidationErrorTest"/>
      </group> <!-- ErrorHandling -->
    </groups>
    <test started-at="2025-12-01T01:06:58 IST" name="Submit Order Test" finished-at="2025-12-01T01:06:58 IST" duration-ms="26">
    </test> <!-- Submit Order Test -->
    <test started-at="2025-12-01T01:06:58 IST" name="Test" finished-at="2025-12-01T01:07:21 IST" duration-ms="22629">
      <class name="rahulshettyacademy.tests.ValidationErrorTest">
        <test-method is-config="true" signature="lauchApplication()[pri:0, instance:rahulshettyacademy.tests.ValidationErrorTest@4218d6a3]" started-at="2025-12-01T01:06:59 IST" name="lauchApplication" finished-at="2025-12-01T01:07:15 IST" duration-ms="16848" status="PASS">
          <reporter-output>
          </reporter-output>
        </test-method> <!-- lauchApplication -->
        <test-method signature="loginErrorValidation()[pri:0, instance:rahulshettyacademy.tests.ValidationErrorTest@4218d6a3]" started-at="2025-12-01T01:07:15 IST" name="loginErrorValidation" finished-at="2025-12-01T01:07:17 IST" duration-ms="1985" status="PASS">
          <reporter-output>
          </reporter-output>
        </test-method> <!-- loginErrorValidation -->
        <test-method is-config="true" signature="tearDown()[pri:0, instance:rahulshettyacademy.tests.ValidationErrorTest@4218d6a3]" started-at="2025-12-01T01:07:17 IST" name="tearDown" finished-at="2025-12-01T01:07:21 IST" duration-ms="3635" status="PASS">
          <reporter-output>
          </reporter-output>
        </test-method> <!-- tearDown -->
      </class> <!-- rahulshettyacademy.tests.ValidationErrorTest -->
    </test> <!-- Test -->
  </suite> <!-- Suite -->
</testng-results>
