<?xml version="1.0" encoding="UTF-8"?>
<!-- Generated by org.testng.reporters.JUnitReportReporter -->
<testsuite hostname="RONIT-PCHP" failures="0" tests="2" name="rahulshettyacademy.tests.ValidationErrorTest" time="18.872" errors="0" timestamp="2025-11-30T23:33:26 IST" skipped="0">
  <testcase classname="rahulshettyacademy.tests.ValidationErrorTest" name="productErrorValidation" time="12.544"/>
  <testcase classname="rahulshettyacademy.tests.ValidationErrorTest" name="loginErrorValidation" time="6.328"/>
</testsuite> <!-- rahulshettyacademy.tests.ValidationErrorTest -->
